#
# There is insufficient memory for the Java Runtime Environment to continue.
# Native memory allocation (malloc) failed to allocate 3720480 bytes for Chunk::new
# Possible reasons:
#   The system is out of physical RAM or swap space
#   The process is running with CompressedOops enabled, and the Java Heap may be blocking the growth of the native heap
# Possible solutions:
#   Reduce memory load on the system
#   Increase physical memory or swap space
#   Check if swap backing store is full
#   Decrease Java heap size (-Xmx/-Xms)
#   Decrease number of Java threads
#   Decrease Java thread stack sizes (-Xss)
#   Set larger code cache with -XX:ReservedCodeCacheSize=
#   JVM is running with Unscaled Compressed Oops mode in which the Java heap is
#     placed in the first 4GB address space. The Java Heap base address is the
#     maximum limit for the native heap growth. Please use -XX:HeapBaseMinAddress
#     to set the Java Heap base and to place the Java Heap above 4GB virtual address.
# This output file may be truncated or incomplete.
#
#  Out of Memory Error (arena.cpp:191), pid=12456, tid=15204
#
# JRE version: OpenJDK Runtime Environment Zulu17.46+19-CA (17.0.9+8) (build 17.0.9+8-LTS)
# Java VM: OpenJDK 64-Bit Server VM Zulu17.46+19-CA (17.0.9+8-LTS, mixed mode, sharing, tiered, compressed oops, compressed class ptrs, g1 gc, windows-amd64)
# No core dump will be written. Minidumps are not enabled by default on client versions of Windows
#

---------------  S U M M A R Y ------------

Command Line: -agentlib:jdwp=transport=dt_socket,address=127.0.0.1:49771,suspend=y,server=n -javaagent:C:\Users\user\AppData\Local\JetBrains\IdeaIC2023.2\captureAgent\debugger-agent.jar -Dfile.encoding=UTF-8 com.devsuperior.dscatalog.DscatalogApplication

Host: Intel(R) Celeron(R) N4020 CPU @ 1.10GHz, 2 cores, 3G,  Windows 11 , 64 bit Build 22621 (10.0.22621.2506)
Time: Wed Jan 10 14:12:24 2024 Hora oficial do Brasil elapsed time: 43.336435 seconds (0d 0h 0m 43s)

---------------  T H R E A D  ---------------

Current thread (0x000002261ab319f0):  JavaThread "C2 CompilerThread0" daemon [_thread_in_native, id=15204, stack(0x000000ddd6800000,0x000000ddd6900000)]


Current CompileTask:
C2:  43336 4857       4       org.springframework.core.annotation.TypeMappedAnnotations$MergedAnnotationFinder::doWithAnnotations (75 bytes)

Stack: [0x000000ddd6800000,0x000000ddd6900000]
Native frames: (J=compiled Java code, j=interpreted, Vv=VM code, C=native code)
V  [jvm.dll+0x681239]
V  [jvm.dll+0x838dba]
V  [jvm.dll+0x83a87e]
V  [jvm.dll+0x83aee3]
V  [jvm.dll+0x24b92f]
V  [jvm.dll+0xac43c]
V  [jvm.dll+0xaca8c]
V  [jvm.dll+0x36b217]
V  [jvm.dll+0x1bd802]
V  [jvm.dll+0x21a859]
V  [jvm.dll+0x219b21]
V  [jvm.dll+0x1a58ad]
V  [jvm.dll+0x229909]
V  [jvm.dll+0x227acc]
V  [jvm.dll+0x7edea7]
V  [jvm.dll+0x7e825a]
V  [jvm.dll+0x680125]
C  [ucrtbase.dll+0x29363]
C  [KERNEL32.DLL+0x1257d]
C  [ntdll.dll+0x5aa58]


---------------  P R O C E S S  ---------------

Threads class SMR info:
_java_thread_list=0x000002266234f9f0, length=19, elements={
0x000002267ef93820, 0x000002261ab14280, 0x000002261ab157c0, 0x000002261ab25e10,
0x000002261ab27900, 0x000002261ab2a1f0, 0x000002261ab2aad0, 0x000002261ab319f0,
0x000002261ab3f470, 0x000002261ab62150, 0x00000226600085d0, 0x0000022660119a30,
0x00000226600f3e70, 0x00000226600f4370, 0x000002266016c000, 0x00000226607af020,
0x000002266304cae0, 0x0000022660130570, 0x00000226611cc120
}

Java Threads: ( => current thread )
  0x000002267ef93820 JavaThread "main" [_thread_in_Java, id=14084, stack(0x000000ddd5b00000,0x000000ddd5c00000)]
  0x000002261ab14280 JavaThread "Reference Handler" daemon [_thread_blocked, id=5700, stack(0x000000ddd6200000,0x000000ddd6300000)]
  0x000002261ab157c0 JavaThread "Finalizer" daemon [_thread_blocked, id=13980, stack(0x000000ddd6300000,0x000000ddd6400000)]
  0x000002261ab25e10 JavaThread "Signal Dispatcher" daemon [_thread_blocked, id=1252, stack(0x000000ddd6400000,0x000000ddd6500000)]
  0x000002261ab27900 JavaThread "Attach Listener" daemon [_thread_blocked, id=3420, stack(0x000000ddd6500000,0x000000ddd6600000)]
  0x000002261ab2a1f0 JavaThread "Service Thread" daemon [_thread_blocked, id=9436, stack(0x000000ddd6600000,0x000000ddd6700000)]
  0x000002261ab2aad0 JavaThread "Monitor Deflation Thread" daemon [_thread_blocked, id=12048, stack(0x000000ddd6700000,0x000000ddd6800000)]
=>0x000002261ab319f0 JavaThread "C2 CompilerThread0" daemon [_thread_in_native, id=15204, stack(0x000000ddd6800000,0x000000ddd6900000)]
  0x000002261ab3f470 JavaThread "C1 CompilerThread0" daemon [_thread_blocked, id=5152, stack(0x000000ddd6900000,0x000000ddd6a00000)]
  0x000002261ab62150 JavaThread "Sweeper thread" daemon [_thread_blocked, id=6452, stack(0x000000ddd6a00000,0x000000ddd6b00000)]
  0x00000226600085d0 JavaThread "Common-Cleaner" daemon [_thread_blocked, id=9060, stack(0x000000ddd6b00000,0x000000ddd6c00000)]
  0x0000022660119a30 JavaThread "JDWP Transport Listener: dt_socket" daemon [_thread_blocked, id=7016, stack(0x000000ddd6c00000,0x000000ddd6d00000)]
  0x00000226600f3e70 JavaThread "JDWP Event Helper Thread" daemon [_thread_blocked, id=14456, stack(0x000000ddd6d00000,0x000000ddd6e00000)]
  0x00000226600f4370 JavaThread "JDWP Command Reader" daemon [_thread_in_native, id=14692, stack(0x000000ddd6e00000,0x000000ddd6f00000)]
  0x000002266016c000 JavaThread "Notification Thread" daemon [_thread_blocked, id=528, stack(0x000000ddd6f00000,0x000000ddd7000000)]
  0x00000226607af020 JavaThread "HikariPool-1 housekeeper" daemon [_thread_blocked, id=14512, stack(0x000000ddd5900000,0x000000ddd5a00000)]
  0x000002266304cae0 JavaThread "Catalina-utility-1" [_thread_blocked, id=11672, stack(0x000000ddd7400000,0x000000ddd7500000)]
  0x0000022660130570 JavaThread "Catalina-utility-2" [_thread_blocked, id=1080, stack(0x000000ddd7500000,0x000000ddd7600000)]
  0x00000226611cc120 JavaThread "container-0" [_thread_blocked, id=12308, stack(0x000000ddd7600000,0x000000ddd7700000)]

Other Threads:
  0x000002267f03eb80 VMThread "VM Thread" [stack: 0x000000ddd6100000,0x000000ddd6200000] [id=14220]
  0x000002266016c4f0 WatcherThread [stack: 0x000000ddd7000000,0x000000ddd7100000] [id=13812]
  0x000002267efd0a00 GCTaskThread "GC Thread#0" [stack: 0x000000ddd5c00000,0x000000ddd5d00000] [id=10256]
  0x000002266027aee0 GCTaskThread "GC Thread#1" [stack: 0x000000ddd7100000,0x000000ddd7200000] [id=14556]
  0x000002267efd9370 ConcurrentGCThread "G1 Main Marker" [stack: 0x000000ddd5d00000,0x000000ddd5e00000] [id=13364]
  0x000002267efd9ca0 ConcurrentGCThread "G1 Conc#0" [stack: 0x000000ddd5e00000,0x000000ddd5f00000] [id=9920]
  0x000002267f012190 ConcurrentGCThread "G1 Refine#0" [stack: 0x000000ddd5f00000,0x000000ddd6000000] [id=7516]
  0x0000022660927360 ConcurrentGCThread "G1 Refine#1" [stack: 0x000000ddd7200000,0x000000ddd7300000] [id=13848]
  0x000002267f012ae0 ConcurrentGCThread "G1 Service" [stack: 0x000000ddd6000000,0x000000ddd6100000] [id=15224]

Threads with active compile tasks:
C2 CompilerThread0    43459 4857       4       org.springframework.core.annotation.TypeMappedAnnotations$MergedAnnotationFinder::doWithAnnotations (75 bytes)

VM state: not at safepoint (normal execution)

VM Mutex/Monitor currently owned by a thread: None

Heap address: 0x00000000c2800000, size: 984 MB, Compressed Oops mode: 32-bit

CDS archive(s) mapped at: [0x000002261b000000-0x000002261bbd0000-0x000002261bbd0000), size 12386304, SharedBaseAddress: 0x000002261b000000, ArchiveRelocationMode: 1.
Compressed class space mapped at: 0x000002261c000000-0x000002265c000000, reserved size: 1073741824
Narrow klass base: 0x000002261b000000, Narrow klass shift: 0, Narrow klass range: 0x100000000

GC Precious Log:
 CPUs: 2 total, 2 available
 Memory: 3932M
 Large Page Support: Disabled
 NUMA Support: Disabled
 Compressed Oops: Enabled (32-bit)
 Heap Region Size: 1M
 Heap Min Capacity: 8M
 Heap Initial Capacity: 62M
 Heap Max Capacity: 984M
 Pre-touch: Disabled
 Parallel Workers: 2
 Concurrent Workers: 1
 Concurrent Refinement Workers: 2
 Periodic GC: Disabled

Heap:
 garbage-first heap   total 61440K, used 26872K [0x00000000c2800000, 0x0000000100000000)
  region size 1024K, 8 young (8192K), 4 survivors (4096K)
 Metaspace       used 52963K, committed 53312K, reserved 1114112K
  class space    used 7009K, committed 7168K, reserved 1048576K

Heap Regions: E=young(eden), S=young(survivor), O=old, HS=humongous(starts), HC=humongous(continues), CS=collection set, F=free, OA=open archive, CA=closed archive, TAMS=top-at-mark-start (previous, next)
|   0|0x00000000c2800000, 0x00000000c2900000, 0x00000000c2900000|100%|HS|  |TAMS 0x00000000c2900000, 0x00000000c2800000| Complete 
|   1|0x00000000c2900000, 0x00000000c2a00000, 0x00000000c2a00000|100%| O|  |TAMS 0x00000000c2a00000, 0x00000000c2900000| Untracked 
|   2|0x00000000c2a00000, 0x00000000c2b00000, 0x00000000c2b00000|100%| O|  |TAMS 0x00000000c2b00000, 0x00000000c2a00000| Untracked 
|   3|0x00000000c2b00000, 0x00000000c2c00000, 0x00000000c2c00000|100%| O|  |TAMS 0x00000000c2c00000, 0x00000000c2b00000| Untracked 
|   4|0x00000000c2c00000, 0x00000000c2d00000, 0x00000000c2d00000|100%| O|  |TAMS 0x00000000c2d00000, 0x00000000c2c00000| Untracked 
|   5|0x00000000c2d00000, 0x00000000c2e00000, 0x00000000c2e00000|100%| O|  |TAMS 0x00000000c2e00000, 0x00000000c2d00000| Untracked 
|   6|0x00000000c2e00000, 0x00000000c2f00000, 0x00000000c2f00000|100%| O|  |TAMS 0x00000000c2f00000, 0x00000000c2e00000| Untracked 
|   7|0x00000000c2f00000, 0x00000000c3000000, 0x00000000c3000000|100%| O|  |TAMS 0x00000000c3000000, 0x00000000c2f00000| Untracked 
|   8|0x00000000c3000000, 0x00000000c3100000, 0x00000000c3100000|100%| O|  |TAMS 0x00000000c3100000, 0x00000000c3000000| Untracked 
|   9|0x00000000c3100000, 0x00000000c3200000, 0x00000000c3200000|100%| O|  |TAMS 0x00000000c3200000, 0x00000000c3100000| Untracked 
|  10|0x00000000c3200000, 0x00000000c3300000, 0x00000000c3300000|100%| O|  |TAMS 0x00000000c3300000, 0x00000000c3200000| Untracked 
|  11|0x00000000c3300000, 0x00000000c3400000, 0x00000000c3400000|100%| O|  |TAMS 0x00000000c3400000, 0x00000000c3300000| Untracked 
|  12|0x00000000c3400000, 0x00000000c3500000, 0x00000000c3500000|100%| O|  |TAMS 0x00000000c3500000, 0x00000000c3400000| Untracked 
|  13|0x00000000c3500000, 0x00000000c3600000, 0x00000000c3600000|100%| O|  |TAMS 0x00000000c3600000, 0x00000000c3500000| Untracked 
|  14|0x00000000c3600000, 0x00000000c3700000, 0x00000000c3700000|100%| O|  |TAMS 0x00000000c3700000, 0x00000000c3600000| Untracked 
|  15|0x00000000c3700000, 0x00000000c3800000, 0x00000000c3800000|100%| O|  |TAMS 0x00000000c3800000, 0x00000000c3700000| Untracked 
|  16|0x00000000c3800000, 0x00000000c3900000, 0x00000000c3900000|100%| O|  |TAMS 0x00000000c38d5000, 0x00000000c3800000| Untracked 
|  17|0x00000000c3900000, 0x00000000c3a00000, 0x00000000c3a00000|100%| O|  |TAMS 0x00000000c3900000, 0x00000000c3900000| Untracked 
|  18|0x00000000c3a00000, 0x00000000c3b00000, 0x00000000c3b00000|100%| O|  |TAMS 0x00000000c3a00000, 0x00000000c3a00000| Untracked 
|  19|0x00000000c3b00000, 0x00000000c3bc7200, 0x00000000c3c00000| 77%| O|  |TAMS 0x00000000c3b00000, 0x00000000c3b00000| Untracked 
|  20|0x00000000c3c00000, 0x00000000c3c00000, 0x00000000c3d00000|  0%| F|  |TAMS 0x00000000c3c00000, 0x00000000c3c00000| Untracked 
|  21|0x00000000c3d00000, 0x00000000c3d00000, 0x00000000c3e00000|  0%| F|  |TAMS 0x00000000c3d00000, 0x00000000c3d00000| Untracked 
|  22|0x00000000c3e00000, 0x00000000c3e00000, 0x00000000c3f00000|  0%| F|  |TAMS 0x00000000c3e00000, 0x00000000c3e00000| Untracked 
|  23|0x00000000c3f00000, 0x00000000c3f00000, 0x00000000c4000000|  0%| F|  |TAMS 0x00000000c3f00000, 0x00000000c3f00000| Untracked 
|  24|0x00000000c4000000, 0x00000000c4000000, 0x00000000c4100000|  0%| F|  |TAMS 0x00000000c4000000, 0x00000000c4000000| Untracked 
|  25|0x00000000c4100000, 0x00000000c4100000, 0x00000000c4200000|  0%| F|  |TAMS 0x00000000c4100000, 0x00000000c4100000| Untracked 
|  26|0x00000000c4200000, 0x00000000c4200000, 0x00000000c4300000|  0%| F|  |TAMS 0x00000000c4200000, 0x00000000c4200000| Untracked 
|  27|0x00000000c4300000, 0x00000000c4376fb0, 0x00000000c4400000| 46%| S|CS|TAMS 0x00000000c4300000, 0x00000000c4300000| Complete 
|  28|0x00000000c4400000, 0x00000000c4500000, 0x00000000c4500000|100%| S|CS|TAMS 0x00000000c4400000, 0x00000000c4400000| Complete 
|  29|0x00000000c4500000, 0x00000000c4600000, 0x00000000c4600000|100%| S|CS|TAMS 0x00000000c4500000, 0x00000000c4500000| Complete 
|  30|0x00000000c4600000, 0x00000000c4600000, 0x00000000c4700000|  0%| F|  |TAMS 0x00000000c4600000, 0x00000000c4600000| Untracked 
|  31|0x00000000c4700000, 0x00000000c4700000, 0x00000000c4800000|  0%| F|  |TAMS 0x00000000c4700000, 0x00000000c4700000| Untracked 
|  32|0x00000000c4800000, 0x00000000c4800000, 0x00000000c4900000|  0%| F|  |TAMS 0x00000000c4800000, 0x00000000c4800000| Untracked 
|  33|0x00000000c4900000, 0x00000000c4a00000, 0x00000000c4a00000|100%| S|CS|TAMS 0x00000000c4900000, 0x00000000c4900000| Complete 
|  34|0x00000000c4a00000, 0x00000000c4a00000, 0x00000000c4b00000|  0%| F|  |TAMS 0x00000000c4a00000, 0x00000000c4a00000| Untracked 
|  35|0x00000000c4b00000, 0x00000000c4b00000, 0x00000000c4c00000|  0%| F|  |TAMS 0x00000000c4b00000, 0x00000000c4b00000| Untracked 
|  36|0x00000000c4c00000, 0x00000000c4c00000, 0x00000000c4d00000|  0%| F|  |TAMS 0x00000000c4c00000, 0x00000000c4c00000| Untracked 
|  37|0x00000000c4d00000, 0x00000000c4d00000, 0x00000000c4e00000|  0%| F|  |TAMS 0x00000000c4d00000, 0x00000000c4d00000| Untracked 
|  38|0x00000000c4e00000, 0x00000000c4e00000, 0x00000000c4f00000|  0%| F|  |TAMS 0x00000000c4e00000, 0x00000000c4e00000| Untracked 
|  39|0x00000000c4f00000, 0x00000000c4f00000, 0x00000000c5000000|  0%| F|  |TAMS 0x00000000c4f00000, 0x00000000c4f00000| Untracked 
|  40|0x00000000c5000000, 0x00000000c5000000, 0x00000000c5100000|  0%| F|  |TAMS 0x00000000c5000000, 0x00000000c5000000| Untracked 
|  41|0x00000000c5100000, 0x00000000c5100000, 0x00000000c5200000|  0%| F|  |TAMS 0x00000000c5100000, 0x00000000c5100000| Untracked 
|  42|0x00000000c5200000, 0x00000000c5200000, 0x00000000c5300000|  0%| F|  |TAMS 0x00000000c5200000, 0x00000000c5200000| Untracked 
|  43|0x00000000c5300000, 0x00000000c5300000, 0x00000000c5400000|  0%| F|  |TAMS 0x00000000c5300000, 0x00000000c5300000| Untracked 
|  44|0x00000000c5400000, 0x00000000c5400000, 0x00000000c5500000|  0%| F|  |TAMS 0x00000000c5400000, 0x00000000c5400000| Untracked 
|  45|0x00000000c5500000, 0x00000000c5500000, 0x00000000c5600000|  0%| F|  |TAMS 0x00000000c5500000, 0x00000000c5500000| Untracked 
|  46|0x00000000c5600000, 0x00000000c5600000, 0x00000000c5700000|  0%| F|  |TAMS 0x00000000c5600000, 0x00000000c5600000| Untracked 
|  47|0x00000000c5700000, 0x00000000c5700000, 0x00000000c5800000|  0%| F|  |TAMS 0x00000000c5700000, 0x00000000c5700000| Untracked 
|  48|0x00000000c5800000, 0x00000000c5800000, 0x00000000c5900000|  0%| F|  |TAMS 0x00000000c5800000, 0x00000000c5800000| Untracked 
|  49|0x00000000c5900000, 0x00000000c5900000, 0x00000000c5a00000|  0%| F|  |TAMS 0x00000000c5900000, 0x00000000c5900000| Untracked 
|  50|0x00000000c5a00000, 0x00000000c5a00000, 0x00000000c5b00000|  0%| F|  |TAMS 0x00000000c5a00000, 0x00000000c5a00000| Untracked 
|  51|0x00000000c5b00000, 0x00000000c5b00000, 0x00000000c5c00000|  0%| F|  |TAMS 0x00000000c5b00000, 0x00000000c5b00000| Untracked 
|  52|0x00000000c5c00000, 0x00000000c5c00000, 0x00000000c5d00000|  0%| F|  |TAMS 0x00000000c5c00000, 0x00000000c5c00000| Untracked 
|  53|0x00000000c5d00000, 0x00000000c5d00000, 0x00000000c5e00000|  0%| F|  |TAMS 0x00000000c5d00000, 0x00000000c5d00000| Untracked 
|  54|0x00000000c5e00000, 0x00000000c5e00000, 0x00000000c5f00000|  0%| F|  |TAMS 0x00000000c5e00000, 0x00000000c5e00000| Untracked 
|  55|0x00000000c5f00000, 0x00000000c5f00000, 0x00000000c6000000|  0%| F|  |TAMS 0x00000000c5f00000, 0x00000000c5f00000| Untracked 
|  56|0x00000000c6000000, 0x00000000c6078b78, 0x00000000c6100000| 47%| E|  |TAMS 0x00000000c6000000, 0x00000000c6000000| Complete 
|  57|0x00000000c6100000, 0x00000000c6200000, 0x00000000c6200000|100%| E|CS|TAMS 0x00000000c6100000, 0x00000000c6100000| Complete 
|  58|0x00000000c6200000, 0x00000000c6300000, 0x00000000c6300000|100%| E|CS|TAMS 0x00000000c6200000, 0x00000000c6200000| Complete 
|  61|0x00000000c6500000, 0x00000000c6600000, 0x00000000c6600000|100%| E|CS|TAMS 0x00000000c6500000, 0x00000000c6500000| Complete 

Card table byte_map: [0x000002267f040000,0x000002267f230000] _byte_map_base: 0x000002267ea2c000

Marking Bits (Prev, Next): (CMBitMap*) 0x000002267efd0f40, (CMBitMap*) 0x000002267efd0f80
 Prev Bits: [0x0000022616b00000, 0x0000022617a60000)
 Next Bits: [0x0000022617a60000, 0x00000226189c0000)

Polling page: 0x000002267e740000

Metaspace:

Usage:
  Non-class:     44.88 MB used.
      Class:      6.84 MB used.
       Both:     51.72 MB used.

Virtual space:
  Non-class space:       64.00 MB reserved,      45.06 MB ( 70%) committed,  1 nodes.
      Class space:        1.00 GB reserved,       7.00 MB ( <1%) committed,  1 nodes.
             Both:        1.06 GB reserved,      52.06 MB (  5%) committed. 

Chunk freelists:
   Non-Class:  2.98 MB
       Class:  9.05 MB
        Both:  12.03 MB

MaxMetaspaceSize: unlimited
CompressedClassSpaceSize: 1.00 GB
Initial GC threshold: 21.00 MB
Current GC threshold: 58.75 MB
CDS: on
MetaspaceReclaimPolicy: balanced
 - commit_granule_bytes: 65536.
 - commit_granule_words: 8192.
 - virtual_space_node_default_size: 8388608.
 - enlarge_chunks_in_place: 1.
 - new_chunks_are_fully_committed: 0.
 - uncommit_free_chunks: 1.
 - use_allocation_guard: 0.
 - handle_deallocations: 1.


Internal statistics:

num_allocs_failed_limit: 6.
num_arena_births: 348.
num_arena_deaths: 0.
num_vsnodes_births: 2.
num_vsnodes_deaths: 0.
num_space_committed: 833.
num_space_uncommitted: 0.
num_chunks_returned_to_freelist: 6.
num_chunks_taken_from_freelist: 2199.
num_chunk_merges: 6.
num_chunk_splits: 1639.
num_chunks_enlarged: 1331.
num_inconsistent_stats: 0.

CodeHeap 'non-profiled nmethods': size=120064Kb used=2502Kb max_used=2832Kb free=117562Kb
 bounds [0x000002260f5c0000, 0x000002260f890000, 0x0000022616b00000]
CodeHeap 'profiled nmethods': size=120000Kb used=8762Kb max_used=10152Kb free=111237Kb
 bounds [0x0000022607b00000, 0x0000022608510000, 0x000002260f030000]
CodeHeap 'non-nmethods': size=5696Kb used=1358Kb max_used=1379Kb free=4337Kb
 bounds [0x000002260f030000, 0x000002260f2a0000, 0x000002260f5c0000]
 total_blobs=4876 nmethods=4262 adapters=527
 compilation: enabled
              stopped_count=0, restarted_count=0
 full_count=0

Compilation events (20 events):
Event: 43.273 Thread 0x000002261ab3f470 4933       2       org.springframework.util.ConcurrentReferenceHashMap::getReference (18 bytes)
Event: 43.273 Thread 0x000002261ab3f470 nmethod 4933 0x0000022607cf7e10 code [0x0000022607cf7fc0, 0x0000022607cf8178]
Event: 43.275 Thread 0x000002261ab3f470 4936       2       java.util.stream.ReferencePipeline$7$1::cancellationRequested (15 bytes)
Event: 43.275 Thread 0x000002261ab3f470 nmethod 4936 0x0000022607f92010 code [0x0000022607f921a0, 0x0000022607f922c8]
Event: 43.275 Thread 0x000002261ab3f470 4937   !   2       org.springframework.core.annotation.AnnotationsScanner::processElement (40 bytes)
Event: 43.275 Thread 0x000002261ab3f470 nmethod 4937 0x0000022607b06e10 code [0x0000022607b06fe0, 0x0000022607b071d8]
Event: 43.281 Thread 0x000002261ab3f470 4938   !   2       java.util.stream.ReferencePipeline$7$1::accept (127 bytes)
Event: 43.282 Thread 0x000002261ab3f470 nmethod 4938 0x0000022607b91690 code [0x0000022607b918c0, 0x0000022607b91ef8]
Event: 43.282 Thread 0x000002261ab3f470 4939       2       java.util.stream.AbstractPipeline::sequential (10 bytes)
Event: 43.282 Thread 0x000002261ab3f470 nmethod 4939 0x0000022607f99890 code [0x0000022607f99a20, 0x0000022607f99b38]
Event: 43.282 Thread 0x000002261ab3f470 4940       2       java.util.Optional::isPresent (13 bytes)
Event: 43.283 Thread 0x000002261ab3f470 nmethod 4940 0x00000226080c8c10 code [0x00000226080c8da0, 0x00000226080c8eb8]
Event: 43.285 Thread 0x000002261ab3f470 4941       2       java.util.stream.ReferencePipeline::anyMatch (18 bytes)
Event: 43.286 Thread 0x000002261ab3f470 nmethod 4941 0x0000022607b91210 code [0x0000022607b913c0, 0x0000022607b91558]
Event: 43.286 Thread 0x000002261ab3f470 4942       2       java.util.stream.MatchOps::makeRef (29 bytes)
Event: 43.286 Thread 0x000002261ab3f470 nmethod 4942 0x0000022607b06410 code [0x0000022607b06600, 0x0000022607b06b28]
Event: 43.286 Thread 0x000002261ab3f470 4943       2       java.util.stream.Stream::of (13 bytes)
Event: 43.287 Thread 0x000002261ab3f470 nmethod 4943 0x0000022607d4b190 code [0x0000022607d4b340, 0x0000022607d4b508]
Event: 43.287 Thread 0x000002261ab3f470 4944       2       java.util.stream.Streams$StreamBuilderImpl::<init> (16 bytes)
Event: 43.287 Thread 0x000002261ab3f470 nmethod 4944 0x00000226081ef510 code [0x00000226081ef6a0, 0x00000226081ef7f8]

GC Heap History (20 events):
Event: 21.080 GC heap before
{Heap before GC invocations=5 (full 0):
 garbage-first heap   total 63488K, used 43545K [0x00000000c2800000, 0x0000000100000000)
  region size 1024K, 36 young (36864K), 4 survivors (4096K)
 Metaspace       used 20455K, committed 20736K, reserved 1114112K
  class space    used 2587K, committed 2752K, reserved 1048576K
}
Event: 21.099 GC heap after
{Heap after GC invocations=6 (full 0):
 garbage-first heap   total 63488K, used 12982K [0x00000000c2800000, 0x0000000100000000)
  region size 1024K, 4 young (4096K), 4 survivors (4096K)
 Metaspace       used 20455K, committed 20736K, reserved 1114112K
  class space    used 2587K, committed 2752K, reserved 1048576K
}
Event: 21.564 GC heap before
{Heap before GC invocations=6 (full 0):
 garbage-first heap   total 63488K, used 18102K [0x00000000c2800000, 0x0000000100000000)
  region size 1024K, 10 young (10240K), 4 survivors (4096K)
 Metaspace       used 21244K, committed 21504K, reserved 1114112K
  class space    used 2684K, committed 2816K, reserved 1048576K
}
Event: 21.577 GC heap after
{Heap after GC invocations=7 (full 0):
 garbage-first heap   total 63488K, used 13250K [0x00000000c2800000, 0x0000000100000000)
  region size 1024K, 3 young (3072K), 3 survivors (3072K)
 Metaspace       used 21244K, committed 21504K, reserved 1114112K
  class space    used 2684K, committed 2816K, reserved 1048576K
}
Event: 24.829 GC heap before
{Heap before GC invocations=8 (full 0):
 garbage-first heap   total 51200K, used 40898K [0x00000000c2800000, 0x0000000100000000)
  region size 1024K, 30 young (30720K), 3 survivors (3072K)
 Metaspace       used 25458K, committed 25728K, reserved 1114112K
  class space    used 3262K, committed 3392K, reserved 1048576K
}
Event: 24.878 GC heap after
{Heap after GC invocations=9 (full 0):
 garbage-first heap   total 51200K, used 15446K [0x00000000c2800000, 0x0000000100000000)
  region size 1024K, 3 young (3072K), 3 survivors (3072K)
 Metaspace       used 25458K, committed 25728K, reserved 1114112K
  class space    used 3262K, committed 3392K, reserved 1048576K
}
Event: 24.998 GC heap before
{Heap before GC invocations=9 (full 0):
 garbage-first heap   total 51200K, used 16470K [0x00000000c2800000, 0x0000000100000000)
  region size 1024K, 4 young (4096K), 3 survivors (3072K)
 Metaspace       used 25682K, committed 25984K, reserved 1114112K
  class space    used 3291K, committed 3456K, reserved 1048576K
}
Event: 25.009 GC heap after
{Heap after GC invocations=10 (full 0):
 garbage-first heap   total 51200K, used 15651K [0x00000000c2800000, 0x0000000100000000)
  region size 1024K, 1 young (1024K), 1 survivors (1024K)
 Metaspace       used 25682K, committed 25984K, reserved 1114112K
  class space    used 3291K, committed 3456K, reserved 1048576K
}
Event: 27.758 GC heap before
{Heap before GC invocations=10 (full 0):
 garbage-first heap   total 51200K, used 38179K [0x00000000c2800000, 0x0000000100000000)
  region size 1024K, 24 young (24576K), 1 survivors (1024K)
 Metaspace       used 29863K, committed 30144K, reserved 1114112K
  class space    used 3791K, committed 3904K, reserved 1048576K
}
Event: 27.779 GC heap after
{Heap after GC invocations=11 (full 0):
 garbage-first heap   total 51200K, used 17232K [0x00000000c2800000, 0x0000000100000000)
  region size 1024K, 3 young (3072K), 3 survivors (3072K)
 Metaspace       used 29863K, committed 30144K, reserved 1114112K
  class space    used 3791K, committed 3904K, reserved 1048576K
}
Event: 30.727 GC heap before
{Heap before GC invocations=11 (full 0):
 garbage-first heap   total 51200K, used 38736K [0x00000000c2800000, 0x0000000100000000)
  region size 1024K, 24 young (24576K), 3 survivors (3072K)
 Metaspace       used 34324K, committed 34688K, reserved 1114112K
  class space    used 4293K, committed 4480K, reserved 1048576K
}
Event: 30.739 GC heap after
{Heap after GC invocations=12 (full 0):
 garbage-first heap   total 51200K, used 19024K [0x00000000c2800000, 0x0000000100000000)
  region size 1024K, 2 young (2048K), 2 survivors (2048K)
 Metaspace       used 34324K, committed 34688K, reserved 1114112K
  class space    used 4293K, committed 4480K, reserved 1048576K
}
Event: 32.577 GC heap before
{Heap before GC invocations=12 (full 0):
 garbage-first heap   total 51200K, used 26192K [0x00000000c2800000, 0x0000000100000000)
  region size 1024K, 10 young (10240K), 2 survivors (2048K)
 Metaspace       used 35675K, committed 35968K, reserved 1114112K
  class space    used 4471K, committed 4608K, reserved 1048576K
}
Event: 32.585 GC heap after
{Heap after GC invocations=13 (full 0):
 garbage-first heap   total 51200K, used 19378K [0x00000000c2800000, 0x0000000100000000)
  region size 1024K, 3 young (3072K), 3 survivors (3072K)
 Metaspace       used 35675K, committed 35968K, reserved 1114112K
  class space    used 4471K, committed 4608K, reserved 1048576K
}
Event: 38.355 GC heap before
{Heap before GC invocations=14 (full 0):
 garbage-first heap   total 51200K, used 38834K [0x00000000c2800000, 0x0000000100000000)
  region size 1024K, 23 young (23552K), 3 survivors (3072K)
 Metaspace       used 40663K, committed 40960K, reserved 1114112K
  class space    used 5347K, committed 5504K, reserved 1048576K
}
Event: 38.373 GC heap after
{Heap after GC invocations=15 (full 0):
 garbage-first heap   total 61440K, used 20382K [0x00000000c2800000, 0x0000000100000000)
  region size 1024K, 2 young (2048K), 2 survivors (2048K)
 Metaspace       used 40663K, committed 40960K, reserved 1114112K
  class space    used 5347K, committed 5504K, reserved 1048576K
}
Event: 40.407 GC heap before
{Heap before GC invocations=15 (full 0):
 garbage-first heap   total 61440K, used 48030K [0x00000000c2800000, 0x0000000100000000)
  region size 1024K, 29 young (29696K), 2 survivors (2048K)
 Metaspace       used 47560K, committed 47872K, reserved 1114112K
  class space    used 6311K, committed 6464K, reserved 1048576K
}
Event: 40.427 GC heap after
{Heap after GC invocations=16 (full 0):
 garbage-first heap   total 61440K, used 21853K [0x00000000c2800000, 0x0000000100000000)
  region size 1024K, 3 young (3072K), 3 survivors (3072K)
 Metaspace       used 47560K, committed 47872K, reserved 1114112K
  class space    used 6311K, committed 6464K, reserved 1048576K
}
Event: 42.861 GC heap before
{Heap before GC invocations=16 (full 0):
 garbage-first heap   total 61440K, used 48477K [0x00000000c2800000, 0x0000000100000000)
  region size 1024K, 29 young (29696K), 3 survivors (3072K)
 Metaspace       used 52413K, committed 52736K, reserved 1114112K
  class space    used 6913K, committed 7040K, reserved 1048576K
}
Event: 42.877 GC heap after
{Heap after GC invocations=17 (full 0):
 garbage-first heap   total 61440K, used 23800K [0x00000000c2800000, 0x0000000100000000)
  region size 1024K, 4 young (4096K), 4 survivors (4096K)
 Metaspace       used 52413K, committed 52736K, reserved 1114112K
  class space    used 6913K, committed 7040K, reserved 1048576K
}

Dll operation events (11 events):
Event: 1.050 Loaded shared library C:\Program Files\Java\zulu17.46.19-ca-jdk17.0.9-win_x64\bin\java.dll
Event: 1.063 Loaded shared library C:\Program Files\Java\zulu17.46.19-ca-jdk17.0.9-win_x64\bin\zip.dll
Event: 1.280 Loaded shared library C:\Program Files\Java\zulu17.46.19-ca-jdk17.0.9-win_x64\bin\jsvml.dll
Event: 8.473 Loaded shared library C:\Program Files\Java\zulu17.46.19-ca-jdk17.0.9-win_x64\bin\instrument.dll
Event: 8.590 Loaded shared library C:\Program Files\Java\zulu17.46.19-ca-jdk17.0.9-win_x64\bin\net.dll
Event: 8.592 Loaded shared library C:\Program Files\Java\zulu17.46.19-ca-jdk17.0.9-win_x64\bin\nio.dll
Event: 8.615 Loaded shared library C:\Program Files\Java\zulu17.46.19-ca-jdk17.0.9-win_x64\bin\zip.dll
Event: 9.111 Loaded shared library C:\Program Files\Java\zulu17.46.19-ca-jdk17.0.9-win_x64\bin\verify.dll
Event: 9.138 Loaded shared library C:\Program Files\Java\zulu17.46.19-ca-jdk17.0.9-win_x64\bin\jimage.dll
Event: 12.055 Loaded shared library C:\Program Files\Java\zulu17.46.19-ca-jdk17.0.9-win_x64\bin\management.dll
Event: 12.060 Loaded shared library C:\Program Files\Java\zulu17.46.19-ca-jdk17.0.9-win_x64\bin\management_ext.dll

Deoptimization events (20 events):
Event: 43.032 Thread 0x000002267ef93820 DEOPT PACKING pc=0x0000022607cbe134 sp=0x000000ddd5bfcf50
Event: 43.032 Thread 0x000002267ef93820 DEOPT UNPACKING pc=0x000002260f087124 sp=0x000000ddd5bfc440 mode 1
Event: 43.032 Thread 0x000002267ef93820 DEOPT PACKING pc=0x0000022608219bec sp=0x000000ddd5bfcf90
Event: 43.032 Thread 0x000002267ef93820 DEOPT UNPACKING pc=0x000002260f087124 sp=0x000000ddd5bfc460 mode 1
Event: 43.033 Thread 0x000002267ef93820 DEOPT PACKING pc=0x0000022607cbe134 sp=0x000000ddd5bfd0d0
Event: 43.033 Thread 0x000002267ef93820 DEOPT UNPACKING pc=0x000002260f087124 sp=0x000000ddd5bfc5c0 mode 1
Event: 43.033 Thread 0x000002267ef93820 DEOPT PACKING pc=0x0000022607cbe134 sp=0x000000ddd5bfd060
Event: 43.033 Thread 0x000002267ef93820 DEOPT UNPACKING pc=0x000002260f087124 sp=0x000000ddd5bfc550 mode 1
Event: 43.034 Thread 0x000002267ef93820 DEOPT PACKING pc=0x0000022608219bec sp=0x000000ddd5bfd0a0
Event: 43.034 Thread 0x000002267ef93820 DEOPT UNPACKING pc=0x000002260f087124 sp=0x000000ddd5bfc570 mode 1
Event: 43.040 Thread 0x000002267ef93820 DEOPT PACKING pc=0x0000022607cbe134 sp=0x000000ddd5bfd010
Event: 43.040 Thread 0x000002267ef93820 DEOPT UNPACKING pc=0x000002260f087124 sp=0x000000ddd5bfc500 mode 1
Event: 43.041 Thread 0x000002267ef93820 DEOPT PACKING pc=0x0000022607cbe134 sp=0x000000ddd5bfcfa0
Event: 43.041 Thread 0x000002267ef93820 DEOPT UNPACKING pc=0x000002260f087124 sp=0x000000ddd5bfc490 mode 1
Event: 43.041 Thread 0x000002267ef93820 DEOPT PACKING pc=0x0000022608219bec sp=0x000000ddd5bfcfe0
Event: 43.041 Thread 0x000002267ef93820 DEOPT UNPACKING pc=0x000002260f087124 sp=0x000000ddd5bfc4b0 mode 1
Event: 43.068 Thread 0x000002267ef93820 Uncommon trap: trap_request=0xffffff54 fr.pc=0x000002260f7ac080 relative=0x0000000000000580
Event: 43.068 Thread 0x000002267ef93820 Uncommon trap: reason=speculate_null_assert action=make_not_entrant pc=0x000002260f7ac080 method=org.springframework.util.ConcurrentReferenceHashMap$Segment.restructureIfNecessary(Z)V @ 41 c2
Event: 43.068 Thread 0x000002267ef93820 DEOPT PACKING pc=0x000002260f7ac080 sp=0x000000ddd5bfc530
Event: 43.068 Thread 0x000002267ef93820 DEOPT UNPACKING pc=0x000002260f08699d sp=0x000000ddd5bfc4c8 mode 2

Classes unloaded (0 events):
No events

Classes redefined (0 events):
No events

Internal exceptions (20 events):
Event: 42.153 Thread 0x000002267ef93820 Exception <a 'java/lang/ClassNotFoundException'{0x00000000c51b3998}: org/springframework/beans/factory/BeanFactoryAwareCustomizer> (0x00000000c51b3998) 
thrown [s\src\hotspot\share\classfile\systemDictionary.cpp, line 259]
Event: 42.160 Thread 0x000002267ef93820 Exception <a 'java/lang/ClassNotFoundException'{0x00000000c51b7cd8}: org/springframework/beans/factory/AwareCustomizer> (0x00000000c51b7cd8) 
thrown [s\src\hotspot\share\classfile\systemDictionary.cpp, line 259]
Event: 42.160 Thread 0x000002267ef93820 Exception <a 'java/lang/ClassNotFoundException'{0x00000000c51bacd0}: org/springframework/beans/factory/InitializingBeanCustomizer> (0x00000000c51bacd0) 
thrown [s\src\hotspot\share\classfile\systemDictionary.cpp, line 259]
Event: 42.161 Thread 0x000002267ef93820 Exception <a 'java/lang/ClassNotFoundException'{0x00000000c51bed80}: org/springframework/data/repository/core/support/RepositoryFactoryInformationCustomizer> (0x00000000c51bed80) 
thrown [s\src\hotspot\share\classfile\systemDictionary.cpp, line 259]
Event: 42.168 Thread 0x000002267ef93820 Exception <a 'java/lang/ClassNotFoundException'{0x00000000c51c83c8}: org/springframework/beans/factory/FactoryBeanCustomizer> (0x00000000c51c83c8) 
thrown [s\src\hotspot\share\classfile\systemDictionary.cpp, line 259]
Event: 42.170 Thread 0x000002267ef93820 Exception <a 'java/lang/ClassNotFoundException'{0x00000000c51cf690}: org/springframework/beans/factory/BeanClassLoaderAwareCustomizer> (0x00000000c51cf690) 
thrown [s\src\hotspot\share\classfile\systemDictionary.cpp, line 259]
Event: 42.171 Thread 0x000002267ef93820 Exception <a 'java/lang/ClassNotFoundException'{0x00000000c51d3330}: org/springframework/beans/factory/AwareCustomizer> (0x00000000c51d3330) 
thrown [s\src\hotspot\share\classfile\systemDictionary.cpp, line 259]
Event: 42.173 Thread 0x000002267ef93820 Exception <a 'java/lang/ClassNotFoundException'{0x00000000c51d62c0}: org/springframework/beans/factory/BeanFactoryAwareCustomizer> (0x00000000c51d62c0) 
thrown [s\src\hotspot\share\classfile\systemDictionary.cpp, line 259]
Event: 42.173 Thread 0x000002267ef93820 Exception <a 'java/lang/ClassNotFoundException'{0x00000000c51da600}: org/springframework/beans/factory/AwareCustomizer> (0x00000000c51da600) 
thrown [s\src\hotspot\share\classfile\systemDictionary.cpp, line 259]
Event: 42.174 Thread 0x000002267ef93820 Exception <a 'java/lang/ClassNotFoundException'{0x00000000c51dd6e0}: org/springframework/context/ApplicationEventPublisherAwareCustomizer> (0x00000000c51dd6e0) 
thrown [s\src\hotspot\share\classfile\systemDictionary.cpp, line 259]
Event: 42.175 Thread 0x000002267ef93820 Exception <a 'java/lang/ClassNotFoundException'{0x00000000c51e1b08}: org/springframework/beans/factory/AwareCustomizer> (0x00000000c51e1b08) 
thrown [s\src\hotspot\share\classfile\systemDictionary.cpp, line 259]
Event: 42.189 Thread 0x000002267ef93820 Exception <a 'java/lang/ClassNotFoundException'{0x00000000c5010d18}: java/lang/ObjectCustomizer> (0x00000000c5010d18) 
thrown [s\src\hotspot\share\classfile\systemDictionary.cpp, line 259]
Event: 42.190 Thread 0x000002267ef93820 Exception <a 'java/lang/ClassNotFoundException'{0x00000000c5017a30}: org/springframework/core/io/support/PropertiesLoaderSupportCustomizer> (0x00000000c5017a30) 
thrown [s\src\hotspot\share\classfile\systemDictionary.cpp, line 259]
Event: 42.199 Thread 0x000002267ef93820 Exception <a 'java/lang/ClassNotFoundException'{0x00000000c50241d0}: org/springframework/beans/factory/config/PropertiesFactoryBeanCustomizer> (0x00000000c50241d0) 
thrown [s\src\hotspot\share\classfile\systemDictionary.cpp, line 259]
Event: 42.208 Thread 0x000002267ef93820 Exception <a 'java/lang/ClassNotFoundException'{0x00000000c5037e88}: org/springframework/beans/factory/FactoryBeanCustomizer> (0x00000000c5037e88) 
thrown [s\src\hotspot\share\classfile\systemDictionary.cpp, line 259]
Event: 42.209 Thread 0x000002267ef93820 Exception <a 'java/lang/ClassNotFoundException'{0x00000000c503dff0}: org/springframework/beans/factory/InitializingBeanCustomizer> (0x00000000c503dff0) 
thrown [s\src\hotspot\share\classfile\systemDictionary.cpp, line 259]
Event: 43.032 Thread 0x000002267ef93820 Exception <a 'java/lang/ClassNotFoundException'{0x00000000c62b1098}: java/lang/ObjectCustomizer> (0x00000000c62b1098) 
thrown [s\src\hotspot\share\classfile\systemDictionary.cpp, line 259]
Event: 43.034 Thread 0x000002267ef93820 Exception <a 'java/lang/ClassNotFoundException'{0x00000000c62b72f8}: com/devsuperior/dscatalog/entities/UserCustomizer> (0x00000000c62b72f8) 
thrown [s\src\hotspot\share\classfile\systemDictionary.cpp, line 259]
Event: 43.041 Thread 0x000002267ef93820 Exception <a 'java/lang/ClassNotFoundException'{0x00000000c62d1480}: org/springframework/security/core/userdetails/UserDetailsCustomizer> (0x00000000c62d1480) 
thrown [s\src\hotspot\share\classfile\systemDictionary.cpp, line 259]
Event: 43.273 Thread 0x000002267ef93820 Exception <a 'java/lang/NoSuchMethodError'{0x00000000c61c0a30}: 'int java.lang.invoke.DirectMethodHandle$Holder.invokeVirtual(java.lang.Object, java.lang.Object, java.lang.Object)'> (0x00000000c61c0a30) 
thrown [s\src\hotspot\share\interpreter\linkResolver.cpp, line 759]

VM Operations (20 events):
Event: 40.402 Executing VM operation: Cleanup
Event: 40.403 Executing VM operation: Cleanup done
Event: 40.407 Executing VM operation: G1CollectForAllocation
Event: 40.427 Executing VM operation: G1CollectForAllocation done
Event: 40.650 Executing VM operation: HandshakeAllThreads
Event: 40.650 Executing VM operation: HandshakeAllThreads done
Event: 40.879 Executing VM operation: HandshakeAllThreads
Event: 40.880 Executing VM operation: HandshakeAllThreads done
Event: 40.961 Executing VM operation: ICBufferFull
Event: 40.961 Executing VM operation: ICBufferFull done
Event: 41.088 Executing VM operation: HandshakeAllThreads
Event: 41.090 Executing VM operation: HandshakeAllThreads done
Event: 41.821 Executing VM operation: HandshakeAllThreads
Event: 41.821 Executing VM operation: HandshakeAllThreads done
Event: 41.844 Executing VM operation: HandshakeAllThreads
Event: 41.844 Executing VM operation: HandshakeAllThreads done
Event: 42.407 Executing VM operation: ICBufferFull
Event: 42.408 Executing VM operation: ICBufferFull done
Event: 42.861 Executing VM operation: G1CollectForAllocation
Event: 42.887 Executing VM operation: G1CollectForAllocation done

Events (20 events):
Event: 43.280 loading class org/springframework/data/util/TypeInformation
Event: 43.280 loading class org/springframework/data/util/TypeInformation done
Event: 43.280 loading class org/springframework/data/util/TypeInformation
Event: 43.280 loading class org/springframework/data/util/TypeInformation done
Event: 43.282 loading class javax/persistence/metamodel/EntityType
Event: 43.282 loading class javax/persistence/metamodel/EntityType done
Event: 43.282 loading class javax/persistence/metamodel/EntityType
Event: 43.282 loading class javax/persistence/metamodel/EntityType done
Event: 43.283 loading class javax/persistence/metamodel/EntityType
Event: 43.283 loading class javax/persistence/metamodel/EntityType done
Event: 43.283 loading class javax/persistence/metamodel/EntityType
Event: 43.283 loading class javax/persistence/metamodel/EntityType done
Event: 43.283 loading class javax/persistence/metamodel/SingularAttribute
Event: 43.283 loading class javax/persistence/metamodel/SingularAttribute done
Event: 43.283 loading class javax/persistence/metamodel/SingularAttribute
Event: 43.283 loading class javax/persistence/metamodel/SingularAttribute done
Event: 43.284 loading class javax/persistence/metamodel/SingularAttribute
Event: 43.284 loading class javax/persistence/metamodel/SingularAttribute done
Event: 43.284 loading class javax/persistence/metamodel/SingularAttribute
Event: 43.284 loading class javax/persistence/metamodel/SingularAttribute done


Dynamic libraries:
0x00007ff6416a0000 - 0x00007ff6416ae000 	C:\Program Files\Java\zulu17.46.19-ca-jdk17.0.9-win_x64\bin\java.exe
0x00007ffcd4ff0000 - 0x00007ffcd5207000 	C:\Windows\SYSTEM32\ntdll.dll
0x00007ffcd2d40000 - 0x00007ffcd2e04000 	C:\Windows\System32\KERNEL32.DLL
0x00007ffcd2630000 - 0x00007ffcd29d6000 	C:\Windows\System32\KERNELBASE.dll
0x00007ffcd2b00000 - 0x00007ffcd2c11000 	C:\Windows\System32\ucrtbase.dll
0x00007ffcaef40000 - 0x00007ffcaef59000 	C:\Program Files\Java\zulu17.46.19-ca-jdk17.0.9-win_x64\bin\jli.dll
0x00007ffcd4970000 - 0x00007ffcd4b1e000 	C:\Windows\System32\USER32.dll
0x00007ffcd2420000 - 0x00007ffcd2446000 	C:\Windows\System32\win32u.dll
0x00007ffcd4230000 - 0x00007ffcd4259000 	C:\Windows\System32\GDI32.dll
0x00007ffcd29e0000 - 0x00007ffcd2af8000 	C:\Windows\System32\gdi32full.dll
0x00007ffcd2c20000 - 0x00007ffcd2cba000 	C:\Windows\System32\msvcp_win.dll
0x00007ffcbe0a0000 - 0x00007ffcbe333000 	C:\Windows\WinSxS\amd64_microsoft.windows.common-controls_6595b64144ccf1df_6.0.22621.2506_none_270c5ae97388e100\COMCTL32.dll
0x00007ffcd40d0000 - 0x00007ffcd4177000 	C:\Windows\System32\msvcrt.dll
0x00007ffcc5a00000 - 0x00007ffcc5a1b000 	C:\Program Files\Java\zulu17.46.19-ca-jdk17.0.9-win_x64\bin\VCRUNTIME140.dll
0x00007ffcd4b20000 - 0x00007ffcd4b51000 	C:\Windows\System32\IMM32.DLL
0x00007ffcc6cb0000 - 0x00007ffcc6cbc000 	C:\Program Files\Java\zulu17.46.19-ca-jdk17.0.9-win_x64\bin\vcruntime140_1.dll
0x00007ffcac250000 - 0x00007ffcac2dd000 	C:\Program Files\Java\zulu17.46.19-ca-jdk17.0.9-win_x64\bin\msvcp140.dll
0x00007ffc71a10000 - 0x00007ffc72677000 	C:\Program Files\Java\zulu17.46.19-ca-jdk17.0.9-win_x64\bin\server\jvm.dll
0x00007ffcd2e10000 - 0x00007ffcd2ec1000 	C:\Windows\System32\ADVAPI32.dll
0x00007ffcd2ed0000 - 0x00007ffcd2f75000 	C:\Windows\System32\sechost.dll
0x00007ffcd3980000 - 0x00007ffcd3a97000 	C:\Windows\System32\RPCRT4.dll
0x00007ffcd2230000 - 0x00007ffcd227d000 	C:\Windows\SYSTEM32\POWRPROF.dll
0x00007ffcb3fc0000 - 0x00007ffcb3fc9000 	C:\Windows\SYSTEM32\WSOCK32.dll
0x00007ffcd3b20000 - 0x00007ffcd3b91000 	C:\Windows\System32\WS2_32.dll
0x00007ffccb3a0000 - 0x00007ffccb3d4000 	C:\Windows\SYSTEM32\WINMM.dll
0x00007ffcbbb00000 - 0x00007ffcbbb0a000 	C:\Windows\SYSTEM32\VERSION.dll
0x00007ffcd2210000 - 0x00007ffcd2223000 	C:\Windows\SYSTEM32\UMPDC.dll
0x00007ffcd1360000 - 0x00007ffcd1378000 	C:\Windows\SYSTEM32\kernel.appcore.dll
0x00007ffcbaf40000 - 0x00007ffcbaf4a000 	C:\Program Files\Java\zulu17.46.19-ca-jdk17.0.9-win_x64\bin\jimage.dll
0x00007ffccfd60000 - 0x00007ffccff93000 	C:\Windows\SYSTEM32\DBGHELP.DLL
0x00007ffcd3d40000 - 0x00007ffcd40c9000 	C:\Windows\System32\combase.dll
0x00007ffcd4ed0000 - 0x00007ffcd4fa7000 	C:\Windows\System32\OLEAUT32.dll
0x00007ffcbca70000 - 0x00007ffcbcaa2000 	C:\Windows\SYSTEM32\dbgcore.DLL
0x00007ffcd2cc0000 - 0x00007ffcd2d3a000 	C:\Windows\System32\bcryptPrimitives.dll
0x00007ffcc4f70000 - 0x00007ffcc4fab000 	C:\Program Files\Java\zulu17.46.19-ca-jdk17.0.9-win_x64\bin\jdwp.dll
0x00007ffcb77c0000 - 0x00007ffcb77ce000 	C:\Program Files\Java\zulu17.46.19-ca-jdk17.0.9-win_x64\bin\instrument.dll
0x00007ffcac640000 - 0x00007ffcac665000 	C:\Program Files\Java\zulu17.46.19-ca-jdk17.0.9-win_x64\bin\java.dll
0x00007ffcac1f0000 - 0x00007ffcac208000 	C:\Program Files\Java\zulu17.46.19-ca-jdk17.0.9-win_x64\bin\zip.dll
0x00007ffc76520000 - 0x00007ffc765f7000 	C:\Program Files\Java\zulu17.46.19-ca-jdk17.0.9-win_x64\bin\jsvml.dll
0x00007ffcd2f80000 - 0x00007ffcd37da000 	C:\Windows\System32\SHELL32.dll
0x00007ffcd0280000 - 0x00007ffcd0b76000 	C:\Windows\SYSTEM32\windows.storage.dll
0x00007ffcd0140000 - 0x00007ffcd027e000 	C:\Windows\SYSTEM32\wintypes.dll
0x00007ffcd4dd0000 - 0x00007ffcd4ec3000 	C:\Windows\System32\SHCORE.dll
0x00007ffcd46f0000 - 0x00007ffcd474e000 	C:\Windows\System32\shlwapi.dll
0x00007ffcd2290000 - 0x00007ffcd22b6000 	C:\Windows\SYSTEM32\profapi.dll
0x00007ffcb55d0000 - 0x00007ffcb55dc000 	C:\Program Files\Java\zulu17.46.19-ca-jdk17.0.9-win_x64\bin\dt_socket.dll
0x00007ffcd0e70000 - 0x00007ffcd0e9d000 	C:\Windows\SYSTEM32\IPHLPAPI.DLL
0x00007ffcd17e0000 - 0x00007ffcd1849000 	C:\Windows\system32\mswsock.dll
0x00007ffcac230000 - 0x00007ffcac249000 	C:\Program Files\Java\zulu17.46.19-ca-jdk17.0.9-win_x64\bin\net.dll
0x00007ffccbcc0000 - 0x00007ffccbdf7000 	C:\Windows\SYSTEM32\WINHTTP.dll
0x00007ffcac210000 - 0x00007ffcac226000 	C:\Program Files\Java\zulu17.46.19-ca-jdk17.0.9-win_x64\bin\nio.dll
0x00007ffcc4fb0000 - 0x00007ffcc4fc0000 	C:\Program Files\Java\zulu17.46.19-ca-jdk17.0.9-win_x64\bin\verify.dll
0x00007ffcb4c30000 - 0x00007ffcb4c39000 	C:\Program Files\Java\zulu17.46.19-ca-jdk17.0.9-win_x64\bin\management.dll
0x00007ffcb4800000 - 0x00007ffcb480b000 	C:\Program Files\Java\zulu17.46.19-ca-jdk17.0.9-win_x64\bin\management_ext.dll
0x00007ffcd46e0000 - 0x00007ffcd46e8000 	C:\Windows\System32\PSAPI.DLL
0x00007ffcc4f10000 - 0x00007ffcc4f27000 	C:\Windows\system32\napinsp.dll
0x00007ffcc4e40000 - 0x00007ffcc4e5b000 	C:\Windows\system32\pnrpnsp.dll
0x00007ffcd0ea0000 - 0x00007ffcd0f99000 	C:\Windows\SYSTEM32\DNSAPI.dll
0x00007ffcd3be0000 - 0x00007ffcd3be9000 	C:\Windows\System32\NSI.dll
0x00007ffcbcab0000 - 0x00007ffcbcac1000 	C:\Windows\System32\winrnr.dll
0x00007ffcbdf80000 - 0x00007ffcbdf95000 	C:\Windows\system32\wshbth.dll
0x00007ffccc3a0000 - 0x00007ffccc3c1000 	C:\Windows\system32\nlansp_c.dll
0x00007ffcc5ee0000 - 0x00007ffcc5eea000 	C:\Windows\System32\rasadhlp.dll
0x00007ffcc91b0000 - 0x00007ffcc9233000 	C:\Windows\System32\fwpuclnt.dll
0x00007ffcd1a30000 - 0x00007ffcd1a4b000 	C:\Windows\SYSTEM32\CRYPTSP.dll
0x00007ffcd12c0000 - 0x00007ffcd12f5000 	C:\Windows\system32\rsaenh.dll
0x00007ffcd18d0000 - 0x00007ffcd18fc000 	C:\Windows\SYSTEM32\USERENV.dll
0x00007ffcd1c20000 - 0x00007ffcd1c48000 	C:\Windows\SYSTEM32\bcrypt.dll
0x00007ffcd1a50000 - 0x00007ffcd1a5c000 	C:\Windows\SYSTEM32\CRYPTBASE.dll
0x00007ffccb9c0000 - 0x00007ffccb9d9000 	C:\Windows\SYSTEM32\dhcpcsvc6.DLL
0x00007ffccb9a0000 - 0x00007ffccb9bf000 	C:\Windows\SYSTEM32\dhcpcsvc.DLL

dbghelp: loaded successfully - version: 4.0.5 - missing functions: none
symbol engine: initialized successfully - sym options: 0x614 - pdb path: .;C:\Program Files\Java\zulu17.46.19-ca-jdk17.0.9-win_x64\bin;C:\Windows\SYSTEM32;C:\Windows\WinSxS\amd64_microsoft.windows.common-controls_6595b64144ccf1df_6.0.22621.2506_none_270c5ae97388e100;C:\Program Files\Java\zulu17.46.19-ca-jdk17.0.9-win_x64\bin\server

VM Arguments:
jvm_args: -agentlib:jdwp=transport=dt_socket,address=127.0.0.1:49771,suspend=y,server=n -javaagent:C:\Users\user\AppData\Local\JetBrains\IdeaIC2023.2\captureAgent\debugger-agent.jar -Dfile.encoding=UTF-8 
java_command: com.devsuperior.dscatalog.DscatalogApplication
java_class_path (initial): C:\WS Bootcamp\DSCatalog\backend\target\classes;C:\Users\user\.m2\repository\org\springframework\boot\spring-boot-starter-web\2.4.4\spring-boot-starter-web-2.4.4.jar;C:\Users\user\.m2\repository\org\springframework\boot\spring-boot-starter\2.4.4\spring-boot-starter-2.4.4.jar;C:\Users\user\.m2\repository\org\springframework\boot\spring-boot-starter-logging\2.4.4\spring-boot-starter-logging-2.4.4.jar;C:\Users\user\.m2\repository\ch\qos\logback\logback-classic\1.2.3\logback-classic-1.2.3.jar;C:\Users\user\.m2\repository\ch\qos\logback\logback-core\1.2.3\logback-core-1.2.3.jar;C:\Users\user\.m2\repository\org\apache\logging\log4j\log4j-to-slf4j\2.13.3\log4j-to-slf4j-2.13.3.jar;C:\Users\user\.m2\repository\org\apache\logging\log4j\log4j-api\2.13.3\log4j-api-2.13.3.jar;C:\Users\user\.m2\repository\org\slf4j\jul-to-slf4j\1.7.30\jul-to-slf4j-1.7.30.jar;C:\Users\user\.m2\repository\jakarta\annotation\jakarta.annotation-api\1.3.5\jakarta.annotation-api-1.3.5.jar;C:\Users\user\.m2\repository\org\yaml\snakeyaml\1.27\snakeyaml-1.27.jar;C:\Users\user\.m2\repository\org\springframework\boot\spring-boot-starter-json\2.4.4\spring-boot-starter-json-2.4.4.jar;C:\Users\user\.m2\repository\com\fasterxml\jackson\datatype\jackson-datatype-jdk8\2.11.4\jackson-datatype-jdk8-2.11.4.jar;C:\Users\user\.m2\repository\com\fasterxml\jackson\datatype\jackson-datatype-jsr310\2.11.4\jackson-datatype-jsr310-2.11.4.jar;C:\Users\user\.m2\repository\com\fasterxml\jackson\module\jackson-module-parameter-names\2.11.4\jackson-module-parameter-names-2.11.4.jar;C:\Users\user\.m2\repository\org\springframework\boot\spring-boot-starter-tomcat\2.4.4\spring-boot-starter-tomcat-2.4.4.jar;C:\Users\user\.m2\repository\org\apache\tomcat\embed\tomcat-embed-core\9.0.44\tomcat-embed-core-9.0.44.jar;C:\Users\user\.m2\repository\org\apache\tomcat\embed\tomcat-embed-websocket\9.0.44\tomcat-embed-websocket-9.0.44.jar;C:\Users\user\.m2\repository\org\springframework\spring-web\5.3.5\spring-web-5
Launcher Type: SUN_STANDARD

[Global flags]
     intx CICompilerCount                          = 2                                         {product} {ergonomic}
     uint ConcGCThreads                            = 1                                         {product} {ergonomic}
     uint G1ConcRefinementThreads                  = 2                                         {product} {ergonomic}
   size_t G1HeapRegionSize                         = 1048576                                   {product} {ergonomic}
    uintx GCDrainStackTargetSize                   = 64                                        {product} {ergonomic}
   size_t InitialHeapSize                          = 65011712                                  {product} {ergonomic}
   size_t MarkStackSize                            = 4194304                                   {product} {ergonomic}
   size_t MaxHeapSize                              = 1031798784                                {product} {ergonomic}
   size_t MaxNewSize                               = 618659840                                 {product} {ergonomic}
   size_t MinHeapDeltaBytes                        = 1048576                                   {product} {ergonomic}
   size_t MinHeapSize                              = 8388608                                   {product} {ergonomic}
    uintx NonNMethodCodeHeapSize                   = 5826188                                {pd product} {ergonomic}
    uintx NonProfiledCodeHeapSize                  = 122916026                              {pd product} {ergonomic}
    uintx ProfiledCodeHeapSize                     = 122916026                              {pd product} {ergonomic}
    uintx ReservedCodeCacheSize                    = 251658240                              {pd product} {ergonomic}
     bool SegmentedCodeCache                       = true                                      {product} {ergonomic}
   size_t SoftMaxHeapSize                          = 1031798784                             {manageable} {ergonomic}
     bool UseCompressedClassPointers               = true                           {product lp64_product} {ergonomic}
     bool UseCompressedOops                        = true                           {product lp64_product} {ergonomic}
     bool UseG1GC                                  = true                                      {product} {ergonomic}
     bool UseLargePagesIndividualAllocation        = false                                  {pd product} {ergonomic}

Logging:
Log output configuration:
 #0: stdout all=warning uptime,level,tags
 #1: stderr all=off uptime,level,tags

Environment Variables:
JAVA_HOME=C:\Program Files\Java\zulu17.46.19-ca-jdk17.0.9-win_x64
PATH=C:\Python312\Scripts\;C:\Python312\;C:\Windows\system32;C:\Windows;C:\Windows\System32\Wbem;C:\Windows\System32\WindowsPowerShell\v1.0\;C:\Windows\System32\OpenSSH\;C:\Program Files\Git\cmd;C:\Program Files\Java\zulu17.46.19-ca-jdk17.0.9-win_x64\bin;C:\ProgramData\chocolatey\bin;C:\Program Files\nodejs\;C:\Program Files\MySQL\MySQL Shell 8.0\bin\;C:\Users\user\AppData\Local\Microsoft\WindowsApps;C:\Users\user\AppData\Local\Programs\Microsoft VS Code\bin;C:\Program Files\MongoDB\Server\7.0\bin;C:\Users\user\AppData\Roaming\npm
USERNAME=user
OS=Windows_NT
PROCESSOR_IDENTIFIER=Intel64 Family 6 Model 122 Stepping 8, GenuineIntel
TMP=C:\Users\user\AppData\Local\Temp
TEMP=C:\Users\user\AppData\Local\Temp



Periodic native trim disabled


---------------  S Y S T E M  ---------------

OS:
 Windows 11 , 64 bit Build 22621 (10.0.22621.2506)
OS uptime: 1 days 0:24 hours

CPU: total 2 (initial active 2) (2 cores per cpu, 1 threads per core) family 6 model 122 stepping 8 microcode 0x18, cx8, cmov, fxsr, mmx, 3dnowpref, sse, sse2, sse3, ssse3, sse4.1, sse4.2, popcnt, tsc, tscinvbit, aes, erms, clmul, sha, clflush, clflushopt
Processor Information for all 2 processors :
  Max Mhz: 1101, Current Mhz: 1101, Mhz Limit: 1101

Memory: 4k page, system-wide physical 3932M (242M free)
TotalPageFile size 8950M (AvailPageFile size 7M)
current process WorkingSet (physical memory assigned to process): 228M, peak: 234M
current process commit charge ("private bytes"): 258M, peak: 262M

vm_info: OpenJDK 64-Bit Server VM (17.0.9+8-LTS) for windows-amd64 JRE (17.0.9+8-LTS) (Zulu17.46+19-CA), built on Oct 11 2023 20:47:25 by "zulu_re" with MS VC++ 16.10 / 16.11 (VS2019)

END.
